Traceback (most recent call last):
  File "C:\Users\owner\AppData\Local\Programs\Python\Python313\Lib\asyncio\tasks.py", line 507, in wait_for
    return await fut
           ^^^^^^^^^
asyncio.exceptions.CancelledError

The above exception was the direct cause of the following exception:

Traceback (most recent call last):
  File "C:\Users\owner\Desktop\es_futures_backtester\paper_trader.py", line 662, in main
    run_trader(args, session_dir)
    ~~~~~~~~~~^^^^^^^^^^^^^^^^^^^
  File "C:\Users\owner\Desktop\es_futures_backtester\paper_trader.py", line 368, in run_trader
    ib.connect(args.host, args.port, clientId=args.clientId)
    ~~~~~~~~~~^^^^^^^^^^^^^^^^^^^^^^^^^^^^^^^^^^^^^^^^^^^^^^
  File "C:\Users\owner\AppData\Local\Programs\Python\Python313\Lib\site-packages\ib_insync\ib.py", line 279, in connect
    return self._run(self.connectAsync(
           ~~~~~~~~~^^^^^^^^^^^^^^^^^^^
        host, port, clientId, timeout, readonly, account))
        ^^^^^^^^^^^^^^^^^^^^^^^^^^^^^^^^^^^^^^^^^^^^^^^^^^
  File "C:\Users\owner\AppData\Local\Programs\Python\Python313\Lib\site-packages\ib_insync\ib.py", line 318, in _run
    return util.run(*awaitables, timeout=self.RequestTimeout)
           ~~~~~~~~^^^^^^^^^^^^^^^^^^^^^^^^^^^^^^^^^^^^^^^^^^
  File "C:\Users\owner\AppData\Local\Programs\Python\Python313\Lib\site-packages\ib_insync\util.py", line 341, in run
    result = loop.run_until_complete(task)
  File "C:\Users\owner\AppData\Local\Programs\Python\Python313\Lib\asyncio\base_events.py", line 725, in run_until_complete
    return future.result()
           ~~~~~~~~~~~~~^^
  File "C:\Users\owner\AppData\Local\Programs\Python\Python313\Lib\site-packages\ib_insync\ib.py", line 1748, in connectAsync
    await self.client.connectAsync(host, port, clientId, timeout)
  File "C:\Users\owner\AppData\Local\Programs\Python\Python313\Lib\site-packages\ib_insync\client.py", line 217, in connectAsync
    await asyncio.wait_for(self.apiStart, timeout)
  File "C:\Users\owner\AppData\Local\Programs\Python\Python313\Lib\asyncio\tasks.py", line 506, in wait_for
    async with timeouts.timeout(timeout):
               ~~~~~~~~~~~~~~~~^^^^^^^^^
  File "C:\Users\owner\AppData\Local\Programs\Python\Python313\Lib\asyncio\timeouts.py", line 116, in __aexit__
    raise TimeoutError from exc_val
TimeoutError
