Error 201, reqId 4821: Order rejected - reason:OCA handling method mismatch.
Canceled order: Trade(contract=Contract(secType='FUT', conId=495512563, symbol='ES', lastTradeDateOrContractMonth='20251219', multiplier='50', exchange='CME', currency='USD', localSymbol='ESZ5', tradingClass='ES'), order=Order(orderId=4821, clientId=19, permId=39122430, action='SELL', totalQuantity=1.0, orderType='STP', lmtPrice=6663.5, auxPrice=6657.5, tif='DAY', parentId=4819), orderStatus=OrderStatus(orderId=4821, status='Cancelled', filled=0.0, remaining=1.0, avgFillPrice=0.0, permId=39122430, parentId=4819, lastFillPrice=0.0, clientId=19, whyHeld='', mktCapPrice=0.0), fills=[], log=[TradeLogEntry(time=datetime.datetime(2025, 9, 17, 19, 22, 47, 933150, tzinfo=datetime.timezone.utc), status='PendingSubmit', message='', errorCode=0), TradeLogEntry(time=datetime.datetime(2025, 9, 17, 19, 22, 48, 53078, tzinfo=datetime.timezone.utc), status='Inactive', message='', errorCode=0), TradeLogEntry(time=datetime.datetime(2025, 9, 17, 19, 22, 48, 139184, tzinfo=datetime.timezone.utc), status='Cancelled', message='Error 201, reqId 4821: Order rejected - reason:OCA handling method mismatch.', errorCode=201)], advancedError='')
Error 104, reqId 4821: Cannot modify a filled order.
Canceled order: Trade(contract=Contract(secType='FUT', conId=495512563, symbol='ES', lastTradeDateOrContractMonth='20251219', multiplier='50', exchange='CME', currency='USD', localSymbol='ESZ5', tradingClass='ES'), order=Order(orderId=4821, clientId=19, permId=39122430, action='SELL', totalQuantity=1.0, orderType='STP', lmtPrice=6663.5, auxPrice=6658.5, tif='DAY', parentId=4819), orderStatus=OrderStatus(orderId=4821, status='Cancelled', filled=0.0, remaining=1.0, avgFillPrice=0.0, permId=39122430, parentId=4819, lastFillPrice=0.0, clientId=19, whyHeld='', mktCapPrice=0.0), fills=[], log=[TradeLogEntry(time=datetime.datetime(2025, 9, 17, 19, 22, 47, 933150, tzinfo=datetime.timezone.utc), status='PendingSubmit', message='', errorCode=0), TradeLogEntry(time=datetime.datetime(2025, 9, 17, 19, 22, 48, 53078, tzinfo=datetime.timezone.utc), status='Inactive', message='', errorCode=0), TradeLogEntry(time=datetime.datetime(2025, 9, 17, 19, 22, 48, 139184, tzinfo=datetime.timezone.utc), status='Cancelled', message='Error 201, reqId 4821: Order rejected - reason:OCA handling method mismatch.', errorCode=201), TradeLogEntry(time=datetime.datetime(2025, 9, 17, 19, 22, 48, 140570, tzinfo=datetime.timezone.utc), status='Inactive', message='', errorCode=0), TradeLogEntry(time=datetime.datetime(2025, 9, 17, 19, 22, 49, 49653, tzinfo=datetime.timezone.utc), status='Inactive', message='Modify', errorCode=0), TradeLogEntry(time=datetime.datetime(2025, 9, 17, 19, 22, 49, 78591, tzinfo=datetime.timezone.utc), status='Cancelled', message='Error 104, reqId 4821: Cannot modify a filled order.', errorCode=104)], advancedError='')
Peer closed connection.
Traceback (most recent call last):
  File "C:\Users\owner\AppData\Local\Programs\Python\Python313\Lib\site-packages\ib_insync\util.py", line 341, in run
    result = loop.run_until_complete(task)
  File "C:\Users\owner\AppData\Local\Programs\Python\Python313\Lib\site-packages\nest_asyncio.py", line 98, in run_until_complete
    return f.result()
           ~~~~~~~~^^
  File "C:\Users\owner\AppData\Local\Programs\Python\Python313\Lib\asyncio\futures.py", line 194, in result
    raise self._make_cancelled_error()
  File "C:\Users\owner\AppData\Local\Programs\Python\Python313\Lib\asyncio\tasks.py", line 306, in __step_run_and_handle_result
    result = coro.throw(exc)
  File "C:\Users\owner\AppData\Local\Programs\Python\Python313\Lib\asyncio\tasks.py", line 718, in sleep
    return await future
           ^^^^^^^^^^^^
  File "C:\Users\owner\AppData\Local\Programs\Python\Python313\Lib\asyncio\futures.py", line 286, in __await__
    yield self  # This tells Task to wait for completion.
    ^^^^^^^^^^
  File "C:\Users\owner\AppData\Local\Programs\Python\Python313\Lib\asyncio\tasks.py", line 375, in __wakeup
    future.result()
    ~~~~~~~~~~~~~^^
  File "C:\Users\owner\AppData\Local\Programs\Python\Python313\Lib\asyncio\futures.py", line 194, in result
    raise self._make_cancelled_error()
asyncio.exceptions.CancelledError

During handling of the above exception, another exception occurred:

Traceback (most recent call last):
  File "C:\Users\owner\Desktop\es_futures_backtester\paper_trader.py", line 1563, in <module>
    main()
    ~~~~^^
  File "C:\Users\owner\Desktop\es_futures_backtester\paper_trader.py", line 1071, in main
    ib.sleep(1.0)
    ~~~~~~~~^^^^^
  File "C:\Users\owner\AppData\Local\Programs\Python\Python313\Lib\site-packages\ib_insync\util.py", line 386, in sleep
    run(asyncio.sleep(secs))
    ~~~^^^^^^^^^^^^^^^^^^^^^
  File "C:\Users\owner\AppData\Local\Programs\Python\Python313\Lib\site-packages\ib_insync\util.py", line 343, in run
    raise globalErrorEvent.value() or e
ConnectionError: Socket disconnect
