Peer closed connection.
Traceback (most recent call last):
  File "C:\Users\owner\AppData\Local\Programs\Python\Python313\Lib\site-packages\ib_insync\util.py", line 341, in run
    result = loop.run_until_complete(task)
  File "C:\Users\owner\AppData\Local\Programs\Python\Python313\Lib\site-packages\nest_asyncio.py", line 98, in run_until_complete
    return f.result()
           ~~~~~~~~^^
  File "C:\Users\owner\AppData\Local\Programs\Python\Python313\Lib\asyncio\futures.py", line 194, in result
    raise self._make_cancelled_error()
  File "C:\Users\owner\AppData\Local\Programs\Python\Python313\Lib\asyncio\tasks.py", line 306, in __step_run_and_handle_result
    result = coro.throw(exc)
  File "C:\Users\owner\AppData\Local\Programs\Python\Python313\Lib\asyncio\tasks.py", line 718, in sleep
    return await future
           ^^^^^^^^^^^^
  File "C:\Users\owner\AppData\Local\Programs\Python\Python313\Lib\asyncio\futures.py", line 286, in __await__
    yield self  # This tells Task to wait for completion.
    ^^^^^^^^^^
  File "C:\Users\owner\AppData\Local\Programs\Python\Python313\Lib\asyncio\tasks.py", line 375, in __wakeup
    future.result()
    ~~~~~~~~~~~~~^^
  File "C:\Users\owner\AppData\Local\Programs\Python\Python313\Lib\asyncio\futures.py", line 194, in result
    raise self._make_cancelled_error()
asyncio.exceptions.CancelledError

During handling of the above exception, another exception occurred:

Traceback (most recent call last):
  File "C:\Users\owner\Desktop\es_futures_backtester\paper_trader.py", line 1453, in <module>
    main()
    ~~~~^^
  File "C:\Users\owner\Desktop\es_futures_backtester\paper_trader.py", line 1058, in main
    ib.sleep(1.0)
    ~~~~~~~~^^^^^
  File "C:\Users\owner\AppData\Local\Programs\Python\Python313\Lib\site-packages\ib_insync\util.py", line 386, in sleep
    run(asyncio.sleep(secs))
    ~~~^^^^^^^^^^^^^^^^^^^^^
  File "C:\Users\owner\AppData\Local\Programs\Python\Python313\Lib\site-packages\ib_insync\util.py", line 343, in run
    raise globalErrorEvent.value() or e
ConnectionError: Socket disconnect
Exception ignored on flushing sys.stdout:
Traceback (most recent call last):
  File "C:\Users\owner\Desktop\es_futures_backtester\paper_trader.py", line 73, in flush
    self.f.flush()
ValueError: I/O operation on closed file.
