[LOG] 2025-09-11 17:16:41 Enabled arms: trend,breakout
[LOG] 2025-09-11 17:16:41 Loaded chooser state from C:\Users\owner\Desktop\es_futures_backtester\models\linucb_state.json
[LOG] 2025-09-11 17:16:41 [PING 1] clientId=29 connected: False
Peer closed connection. clientId 29 already in use?
Exception in callback _ProactorBasePipeTransport._call_connection_lost()
handle: <Handle _ProactorBasePipeTransport._call_connection_lost()>
Traceback (most recent call last):
  File "C:\Users\owner\AppData\Local\Programs\Python\Python313\Lib\asyncio\events.py", line 89, in _run
    self._context.run(self._callback, *self._args)
    ~~~~~~~~~~~~~~~~~^^^^^^^^^^^^^^^^^^^^^^^^^^^^^
  File "C:\Users\owner\AppData\Local\Programs\Python\Python313\Lib\asyncio\proactor_events.py", line 165, in _call_connection_lost
    self._sock.shutdown(socket.SHUT_RDWR)
    ~~~~~~~~~~~~~~~~~~~^^^^^^^^^^^^^^^^^^
ConnectionResetError: [WinError 10054] An existing connection was forcibly closed by the remote host
API connection failed: TimeoutError()
Traceback (most recent call last):
  File "C:\Users\owner\AppData\Local\Programs\Python\Python313\Lib\asyncio\tasks.py", line 507, in wait_for
    return await fut
           ^^^^^^^^^
  File "C:\Users\owner\AppData\Local\Programs\Python\Python313\Lib\asyncio\futures.py", line 286, in __await__
    yield self  # This tells Task to wait for completion.
    ^^^^^^^^^^
  File "C:\Users\owner\AppData\Local\Programs\Python\Python313\Lib\asyncio\tasks.py", line 375, in __wakeup
    future.result()
    ~~~~~~~~~~~~~^^
  File "C:\Users\owner\AppData\Local\Programs\Python\Python313\Lib\asyncio\futures.py", line 194, in result
    raise self._make_cancelled_error()
asyncio.exceptions.CancelledError

The above exception was the direct cause of the following exception:

Traceback (most recent call last):
  File "C:\Users\owner\Desktop\es_futures_backtester\paper_trader.py", line 1005, in <module>
    main()
    ~~~~^^
  File "C:\Users\owner\Desktop\es_futures_backtester\paper_trader.py", line 557, in main
    ib.connect(args.host, args.port, clientId=args.clientId)
    ~~~~~~~~~~^^^^^^^^^^^^^^^^^^^^^^^^^^^^^^^^^^^^^^^^^^^^^^
  File "C:\Users\owner\AppData\Local\Programs\Python\Python313\Lib\site-packages\ib_insync\ib.py", line 279, in connect
    return self._run(self.connectAsync(
           ~~~~~~~~~^^^^^^^^^^^^^^^^^^^
        host, port, clientId, timeout, readonly, account))
        ^^^^^^^^^^^^^^^^^^^^^^^^^^^^^^^^^^^^^^^^^^^^^^^^^^
  File "C:\Users\owner\AppData\Local\Programs\Python\Python313\Lib\site-packages\ib_insync\ib.py", line 318, in _run
    return util.run(*awaitables, timeout=self.RequestTimeout)
           ~~~~~~~~^^^^^^^^^^^^^^^^^^^^^^^^^^^^^^^^^^^^^^^^^^
  File "C:\Users\owner\AppData\Local\Programs\Python\Python313\Lib\site-packages\ib_insync\util.py", line 341, in run
    result = loop.run_until_complete(task)
  File "C:\Users\owner\AppData\Local\Programs\Python\Python313\Lib\site-packages\nest_asyncio.py", line 98, in run_until_complete
    return f.result()
           ~~~~~~~~^^
  File "C:\Users\owner\AppData\Local\Programs\Python\Python313\Lib\asyncio\futures.py", line 199, in result
    raise self._exception.with_traceback(self._exception_tb)
  File "C:\Users\owner\AppData\Local\Programs\Python\Python313\Lib\asyncio\tasks.py", line 306, in __step_run_and_handle_result
    result = coro.throw(exc)
  File "C:\Users\owner\AppData\Local\Programs\Python\Python313\Lib\site-packages\ib_insync\ib.py", line 1748, in connectAsync
    await self.client.connectAsync(host, port, clientId, timeout)
  File "C:\Users\owner\AppData\Local\Programs\Python\Python313\Lib\site-packages\ib_insync\client.py", line 217, in connectAsync
    await asyncio.wait_for(self.apiStart, timeout)
  File "C:\Users\owner\AppData\Local\Programs\Python\Python313\Lib\asyncio\tasks.py", line 506, in wait_for
    async with timeouts.timeout(timeout):
               ~~~~~~~~~~~~~~~~^^^^^^^^^
  File "C:\Users\owner\AppData\Local\Programs\Python\Python313\Lib\asyncio\timeouts.py", line 116, in __aexit__
    raise TimeoutError from exc_val
TimeoutError
